  iconv.c
d:\Git\gettext-msvc-2019\libiconv-1.14\lib\johab_hangul.h(253,17): warning C4244: 'return': conversion from '__int64' to 'int', possible loss of data
d:\Git\gettext-msvc-2019\libiconv-1.14\lib\loop_unicode.h(44,70): warning C4267: 'function': conversion from 'size_t' to 'int', possible loss of data
d:\Git\gettext-msvc-2019\libiconv-1.14\lib\loop_unicode.h(50,34): warning C4244: 'return': conversion from '__int64' to 'int', possible loss of data
d:\Git\gettext-msvc-2019\libiconv-1.14\lib\loop_unicode.h(88,74): warning C4267: 'function': conversion from 'size_t' to 'int', possible loss of data
d:\Git\gettext-msvc-2019\libiconv-1.14\lib\loop_unicode.h(94,38): warning C4244: 'return': conversion from '__int64' to 'int', possible loss of data
d:\Git\gettext-msvc-2019\libiconv-1.14\lib\loop_unicode.h(116,70): warning C4267: 'function': conversion from 'size_t' to 'int', possible loss of data
d:\Git\gettext-msvc-2019\libiconv-1.14\lib\loop_unicode.h(136,69): warning C4267: 'function': conversion from 'size_t' to 'int', possible loss of data
d:\Git\gettext-msvc-2019\libiconv-1.14\lib\loop_unicode.h(145,34): warning C4244: 'return': conversion from '__int64' to 'int', possible loss of data
d:\Git\gettext-msvc-2019\libiconv-1.14\lib\loop_unicode.h(208,60): warning C4267: 'function': conversion from 'size_t' to 'int', possible loss of data
d:\Git\gettext-msvc-2019\libiconv-1.14\lib\loop_unicode.h(244,64): warning C4267: 'function': conversion from 'size_t' to 'int', possible loss of data
d:\Git\gettext-msvc-2019\libiconv-1.14\lib\loop_unicode.h(284,56): warning C4267: 'function': conversion from 'size_t' to 'int', possible loss of data
d:\Git\gettext-msvc-2019\libiconv-1.14\lib\loop_unicode.h(362,60): warning C4267: 'function': conversion from 'size_t' to 'int', possible loss of data
d:\Git\gettext-msvc-2019\libiconv-1.14\lib\loop_unicode.h(400,64): warning C4267: 'function': conversion from 'size_t' to 'int', possible loss of data
d:\Git\gettext-msvc-2019\libiconv-1.14\lib\loop_unicode.h(449,66): warning C4267: 'function': conversion from 'size_t' to 'int', possible loss of data
d:\Git\gettext-msvc-2019\libiconv-1.14\lib\loop_unicode.h(487,66): warning C4267: 'function': conversion from 'size_t' to 'int', possible loss of data
d:\Git\gettext-msvc-2019\libiconv-1.14\lib\loop_unicode.h(514,60): warning C4267: 'function': conversion from 'size_t' to 'int', possible loss of data
lib/aliases.gperf(308,61): warning C4311: 'type cast': pointer truncation from 'char (*)[5]' to 'long'
lib/aliases.gperf(288,61): warning C4311: 'type cast': pointer truncation from 'char (*)[3]' to 'long'
lib/aliases.gperf(209,62): warning C4311: 'type cast': pointer truncation from 'char (*)[7]' to 'long'
lib/aliases.gperf(354,62): warning C4311: 'type cast': pointer truncation from 'char (*)[7]' to 'long'
lib/aliases.gperf(207,62): warning C4311: 'type cast': pointer truncation from 'char (*)[4]' to 'long'
lib/aliases.gperf(244,62): warning C4311: 'type cast': pointer truncation from 'char (*)[7]' to 'long'
lib/aliases.gperf(174,62): warning C4311: 'type cast': pointer truncation from 'char (*)[7]' to 'long'
lib/aliases.gperf(205,62): warning C4311: 'type cast': pointer truncation from 'char (*)[6]' to 'long'
lib/aliases.gperf(189,62): warning C4311: 'type cast': pointer truncation from 'char (*)[7]' to 'long'
lib/aliases.gperf(203,62): warning C4311: 'type cast': pointer truncation from 'char (*)[4]' to 'long'
lib/aliases.gperf(180,62): warning C4311: 'type cast': pointer truncation from 'char (*)[7]' to 'long'
lib/aliases.gperf(323,62): warning C4311: 'type cast': pointer truncation from 'char (*)[6]' to 'long'
lib/aliases.gperf(186,62): warning C4311: 'type cast': pointer truncation from 'char (*)[7]' to 'long'
lib/aliases.gperf(201,62): warning C4311: 'type cast': pointer truncation from 'char (*)[6]' to 'long'
lib/aliases.gperf(177,62): warning C4311: 'type cast': pointer truncation from 'char (*)[7]' to 'long'
lib/aliases.gperf(51,62): warning C4311: 'type cast': pointer truncation from 'char (*)[4]' to 'long'
lib/aliases.gperf(311,62): warning C4311: 'type cast': pointer truncation from 'char (*)[6]' to 'long'
lib/aliases.gperf(195,62): warning C4311: 'type cast': pointer truncation from 'char (*)[7]' to 'long'
lib/aliases.gperf(57,62): warning C4311: 'type cast': pointer truncation from 'char (*)[6]' to 'long'
lib/aliases.gperf(60,62): warning C4311: 'type cast': pointer truncation from 'char (*)[3]' to 'long'
lib/aliases.gperf(134,62): warning C4311: 'type cast': pointer truncation from 'char (*)[3]' to 'long'
lib/aliases.gperf(76,62): warning C4311: 'type cast': pointer truncation from 'char (*)[3]' to 'long'
lib/aliases.gperf(126,62): warning C4311: 'type cast': pointer truncation from 'char (*)[3]' to 'long'
lib/aliases.gperf(68,62): warning C4311: 'type cast': pointer truncation from 'char (*)[3]' to 'long'
lib/aliases.gperf(151,62): warning C4311: 'type cast': pointer truncation from 'char (*)[3]' to 'long'
lib/aliases.gperf(318,62): warning C4311: 'type cast': pointer truncation from 'char (*)[6]' to 'long'
lib/aliases.gperf(62,62): warning C4311: 'type cast': pointer truncation from 'char (*)[10]' to 'long'
lib/aliases.gperf(139,62): warning C4311: 'type cast': pointer truncation from 'char (*)[11]' to 'long'
lib/aliases.gperf(102,62): warning C4311: 'type cast': pointer truncation from 'char (*)[10]' to 'long'
lib/aliases.gperf(166,62): warning C4311: 'type cast': pointer truncation from 'char (*)[11]' to 'long'
lib/aliases.gperf(78,62): warning C4311: 'type cast': pointer truncation from 'char (*)[10]' to 'long'
lib/aliases.gperf(145,62): warning C4311: 'type cast': pointer truncation from 'char (*)[11]' to 'long'
lib/aliases.gperf(93,62): warning C4311: 'type cast': pointer truncation from 'char (*)[10]' to 'long'
lib/aliases.gperf(159,62): warning C4311: 'type cast': pointer truncation from 'char (*)[11]' to 'long'
lib/aliases.gperf(70,62): warning C4311: 'type cast': pointer truncation from 'char (*)[10]' to 'long'
lib/aliases.gperf(317,62): warning C4311: 'type cast': pointer truncation from 'char (*)[7]' to 'long'
lib/aliases.gperf(120,62): warning C4311: 'type cast': pointer truncation from 'char (*)[10]' to 'long'
lib/aliases.gperf(53,62): warning C4311: 'type cast': pointer truncation from 'char (*)[11]' to 'long'
lib/aliases.gperf(137,62): warning C4311: 'type cast': pointer truncation from 'char (*)[12]' to 'long'
lib/aliases.gperf(94,62): warning C4311: 'type cast': pointer truncation from 'char (*)[11]' to 'long'
lib/aliases.gperf(160,62): warning C4311: 'type cast': pointer truncation from 'char (*)[12]' to 'long'
lib/aliases.gperf(71,62): warning C4311: 'type cast': pointer truncation from 'char (*)[11]' to 'long'
lib/aliases.gperf(140,62): warning C4311: 'type cast': pointer truncation from 'char (*)[12]' to 'long'
lib/aliases.gperf(128,62): warning C4311: 'type cast': pointer truncation from 'char (*)[10]' to 'long'
lib/aliases.gperf(87,62): warning C4311: 'type cast': pointer truncation from 'char (*)[11]' to 'long'
lib/aliases.gperf(154,62): warning C4311: 'type cast': pointer truncation from 'char (*)[12]' to 'long'
lib/aliases.gperf(63,62): warning C4311: 'type cast': pointer truncation from 'char (*)[11]' to 'long'
lib/aliases.gperf(286,62): warning C4311: 'type cast': pointer truncation from 'char (*)[10]' to 'long'
lib/aliases.gperf(227,62): warning C4311: 'type cast': pointer truncation from 'char (*)[3]' to 'long'
lib/aliases.gperf(84,62): warning C4311: 'type cast': pointer truncation from 'char (*)[3]' to 'long'
lib/aliases.gperf(114,62): warning C4311: 'type cast': pointer truncation from 'char (*)[11]' to 'long'
lib/aliases.gperf(351,62): warning C4311: 'type cast': pointer truncation from 'char (*)[6]' to 'long'
lib/aliases.gperf(54,62): warning C4311: 'type cast': pointer truncation from 'char (*)[11]' to 'long'
lib/aliases.gperf(138,62): warning C4311: 'type cast': pointer truncation from 'char (*)[12]' to 'long'
lib/aliases.gperf(95,62): warning C4311: 'type cast': pointer truncation from 'char (*)[11]' to 'long'
lib/aliases.gperf(161,62): warning C4311: 'type cast': pointer truncation from 'char (*)[12]' to 'long'
lib/aliases.gperf(72,62): warning C4311: 'type cast': pointer truncation from 'char (*)[11]' to 'long'
lib/aliases.gperf(141,62): warning C4311: 'type cast': pointer truncation from 'char (*)[12]' to 'long'
lib/aliases.gperf(121,62): warning C4311: 'type cast': pointer truncation from 'char (*)[11]' to 'long'
lib/aliases.gperf(162,62): warning C4311: 'type cast': pointer truncation from 'char (*)[17]' to 'long'
lib/aliases.gperf(88,63): warning C4311: 'type cast': pointer truncation from 'char (*)[11]' to 'long'
lib/aliases.gperf(155,63): warning C4311: 'type cast': pointer truncation from 'char (*)[12]' to 'long'
lib/aliases.gperf(64,63): warning C4311: 'type cast': pointer truncation from 'char (*)[11]' to 'long'
lib/aliases.gperf(59,63): warning C4311: 'type cast': pointer truncation from 'char (*)[7]' to 'long'
lib/aliases.gperf(133,63): warning C4311: 'type cast': pointer truncation from 'char (*)[7]' to 'long'
lib/aliases.gperf(236,63): warning C4311: 'type cast': pointer truncation from 'char (*)[6]' to 'long'
lib/aliases.gperf(75,63): warning C4311: 'type cast': pointer truncation from 'char (*)[7]' to 'long'
lib/aliases.gperf(115,63): warning C4311: 'type cast': pointer truncation from 'char (*)[11]' to 'long'
lib/aliases.gperf(156,63): warning C4311: 'type cast': pointer truncation from 'char (*)[17]' to 'long'
lib/aliases.gperf(125,63): warning C4311: 'type cast': pointer truncation from 'char (*)[7]' to 'long'
lib/aliases.gperf(183,63): warning C4311: 'type cast': pointer truncation from 'char (*)[7]' to 'long'
lib/aliases.gperf(67,63): warning C4311: 'type cast': pointer truncation from 'char (*)[7]' to 'long'
lib/aliases.gperf(328,63): warning C4311: 'type cast': pointer truncation from 'char (*)[12]' to 'long'
lib/aliases.gperf(122,63): warning C4311: 'type cast': pointer truncation from 'char (*)[11]' to 'long'
lib/aliases.gperf(293,63): warning C4311: 'type cast': pointer truncation from 'char (*)[8]' to 'long'
lib/aliases.gperf(16,63): warning C4311: 'type cast': pointer truncation from 'char (*)[9]' to 'long'
lib/aliases.gperf(150,63): warning C4311: 'type cast': pointer truncation from 'char (*)[7]' to 'long'
lib/aliases.gperf(13,63): warning C4311: 'type cast': pointer truncation from 'char (*)[6]' to 'long'
lib/aliases.gperf(252,63): warning C4311: 'type cast': pointer truncation from 'char (*)[11]' to 'long'
lib/aliases.gperf(282,63): warning C4311: 'type cast': pointer truncation from 'char (*)[6]' to 'long'
lib/aliases.gperf(255,63): warning C4311: 'type cast': pointer truncation from 'char (*)[7]' to 'long'
lib/aliases.gperf(107,63): warning C4311: 'type cast': pointer truncation from 'char (*)[11]' to 'long'
lib/aliases.gperf(22,63): warning C4311: 'type cast': pointer truncation from 'char (*)[8]' to 'long'
lib/aliases.gperf(294,63): warning C4311: 'type cast': pointer truncation from 'char (*)[11]' to 'long'
lib/aliases.gperf(257,63): warning C4311: 'type cast': pointer truncation from 'char (*)[9]' to 'long'
lib/aliases.gperf(163,63): warning C4311: 'type cast': pointer truncation from 'char (*)[11]' to 'long'
lib/aliases.gperf(212,63): warning C4311: 'type cast': pointer truncation from 'char (*)[4]' to 'long'
lib/aliases.gperf(117,63): warning C4311: 'type cast': pointer truncation from 'char (*)[11]' to 'long'
lib/aliases.gperf(291,63): warning C4311: 'type cast': pointer truncation from 'char (*)[10]' to 'long'
lib/aliases.gperf(206,63): warning C4311: 'type cast': pointer truncation from 'char (*)[7]' to 'long'
lib/aliases.gperf(327,63): warning C4311: 'type cast': pointer truncation from 'char (*)[12]' to 'long'
lib/aliases.gperf(324,63): warning C4311: 'type cast': pointer truncation from 'char (*)[6]' to 'long'
lib/aliases.gperf(158,63): warning C4311: 'type cast': pointer truncation from 'char (*)[8]' to 'long'
lib/aliases.gperf(283,63): warning C4311: 'type cast': pointer truncation from 'char (*)[11]' to 'long'
lib/aliases.gperf(202,63): warning C4311: 'type cast': pointer truncation from 'char (*)[7]' to 'long'
lib/aliases.gperf(21,63): warning C4311: 'type cast': pointer truncation from 'char (*)[3]' to 'long'
lib/aliases.gperf(86,63): warning C4311: 'type cast': pointer truncation from 'char (*)[10]' to 'long'
lib/aliases.gperf(153,63): warning C4311: 'type cast': pointer truncation from 'char (*)[11]' to 'long'
lib/aliases.gperf(148,63): warning C4311: 'type cast': pointer truncation from 'char (*)[17]' to 'long'
lib/aliases.gperf(149,63): warning C4311: 'type cast': pointer truncation from 'char (*)[11]' to 'long'
lib/aliases.gperf(352,63): warning C4311: 'type cast': pointer truncation from 'char (*)[4]' to 'long'
lib/aliases.gperf(199,63): warning C4311: 'type cast': pointer truncation from 'char (*)[4]' to 'long'
lib/aliases.gperf(330,63): warning C4311: 'type cast': pointer truncation from 'char (*)[3]' to 'long'
lib/aliases.gperf(58,63): warning C4311: 'type cast': pointer truncation from 'char (*)[7]' to 'long'
lib/aliases.gperf(152,63): warning C4311: 'type cast': pointer truncation from 'char (*)[11]' to 'long'
lib/aliases.gperf(109,63): warning C4311: 'type cast': pointer truncation from 'char (*)[9]' to 'long'
lib/aliases.gperf(171,63): warning C4311: 'type cast': pointer truncation from 'char (*)[7]' to 'long'
lib/aliases.gperf(319,63): warning C4311: 'type cast': pointer truncation from 'char (*)[7]' to 'long'
lib/aliases.gperf(197,63): warning C4311: 'type cast': pointer truncation from 'char (*)[6]' to 'long'
lib/aliases.gperf(79,63): warning C4311: 'type cast': pointer truncation from 'char (*)[11]' to 'long'
lib/aliases.gperf(146,63): warning C4311: 'type cast': pointer truncation from 'char (*)[12]' to 'long'
lib/aliases.gperf(341,63): warning C4311: 'type cast': pointer truncation from 'char (*)[6]' to 'long'
lib/aliases.gperf(91,63): warning C4311: 'type cast': pointer truncation from 'char (*)[9]' to 'long'
lib/aliases.gperf(131,63): warning C4311: 'type cast': pointer truncation from 'char (*)[17]' to 'long'
lib/aliases.gperf(24,63): warning C4311: 'type cast': pointer truncation from 'char (*)[6]' to 'long'
lib/aliases.gperf(258,63): warning C4311: 'type cast': pointer truncation from 'char (*)[5]' to 'long'
lib/aliases.gperf(124,63): warning C4311: 'type cast': pointer truncation from 'char (*)[11]' to 'long'
lib/aliases.gperf(269,63): warning C4311: 'type cast': pointer truncation from 'char (*)[6]' to 'long'
lib/aliases.gperf(80,63): warning C4311: 'type cast': pointer truncation from 'char (*)[11]' to 'long'
lib/aliases.gperf(147,63): warning C4311: 'type cast': pointer truncation from 'char (*)[12]' to 'long'
lib/aliases.gperf(165,63): warning C4311: 'type cast': pointer truncation from 'char (*)[4]' to 'long'
lib/aliases.gperf(299,63): warning C4311: 'type cast': pointer truncation from 'char (*)[11]' to 'long'
lib/aliases.gperf(66,63): warning C4311: 'type cast': pointer truncation from 'char (*)[11]' to 'long'
lib/aliases.gperf(329,63): warning C4311: 'type cast': pointer truncation from 'char (*)[16]' to 'long'
lib/aliases.gperf(83,63): warning C4311: 'type cast': pointer truncation from 'char (*)[7]' to 'long'
lib/aliases.gperf(157,63): warning C4311: 'type cast': pointer truncation from 'char (*)[11]' to 'long'
lib/aliases.gperf(275,63): warning C4311: 'type cast': pointer truncation from 'char (*)[6]' to 'long'
lib/aliases.gperf(296,63): warning C4311: 'type cast': pointer truncation from 'char (*)[9]' to 'long'
lib/aliases.gperf(136,63): warning C4311: 'type cast': pointer truncation from 'char (*)[11]' to 'long'
lib/aliases.gperf(256,63): warning C4311: 'type cast': pointer truncation from 'char (*)[12]' to 'long'
lib/aliases.gperf(144,63): warning C4311: 'type cast': pointer truncation from 'char (*)[3]' to 'long'
lib/aliases.gperf(264,63): warning C4311: 'type cast': pointer truncation from 'char (*)[10]' to 'long'
lib/aliases.gperf(234,63): warning C4311: 'type cast': pointer truncation from 'char (*)[6]' to 'long'
lib/aliases.gperf(247,63): warning C4311: 'type cast': pointer truncation from 'char (*)[7]' to 'long'
lib/aliases.gperf(74,63): warning C4311: 'type cast': pointer truncation from 'char (*)[11]' to 'long'
lib/aliases.gperf(30,63): warning C4311: 'type cast': pointer truncation from 'char (*)[12]' to 'long'
lib/aliases.gperf(233,63): warning C4311: 'type cast': pointer truncation from 'char (*)[7]' to 'long'
lib/aliases.gperf(239,63): warning C4311: 'type cast': pointer truncation from 'char (*)[7]' to 'long'
lib/aliases.gperf(129,63): warning C4311: 'type cast': pointer truncation from 'char (*)[12]' to 'long'
lib/aliases.gperf(251,63): warning C4311: 'type cast': pointer truncation from 'char (*)[14]' to 'long'
lib/aliases.gperf(14,63): warning C4311: 'type cast': pointer truncation from 'char (*)[10]' to 'long'
lib/aliases.gperf(61,63): warning C4311: 'type cast': pointer truncation from 'char (*)[12]' to 'long'
lib/aliases.gperf(135,63): warning C4311: 'type cast': pointer truncation from 'char (*)[12]' to 'long'
lib/aliases.gperf(77,63): warning C4311: 'type cast': pointer truncation from 'char (*)[12]' to 'long'
lib/aliases.gperf(246,63): warning C4311: 'type cast': pointer truncation from 'char (*)[8]' to 'long'
lib/aliases.gperf(127,63): warning C4311: 'type cast': pointer truncation from 'char (*)[12]' to 'long'
lib/aliases.gperf(69,63): warning C4311: 'type cast': pointer truncation from 'char (*)[12]' to 'long'
lib/aliases.gperf(249,63): warning C4311: 'type cast': pointer truncation from 'char (*)[14]' to 'long'
lib/aliases.gperf(242,63): warning C4311: 'type cast': pointer truncation from 'char (*)[9]' to 'long'
lib/aliases.gperf(92,63): warning C4311: 'type cast': pointer truncation from 'char (*)[19]' to 'long'
lib/aliases.gperf(241,63): warning C4311: 'type cast': pointer truncation from 'char (*)[8]' to 'long'
lib/aliases.gperf(130,63): warning C4311: 'type cast': pointer truncation from 'char (*)[12]' to 'long'
lib/aliases.gperf(29,63): warning C4311: 'type cast': pointer truncation from 'char (*)[12]' to 'long'
lib/aliases.gperf(38,63): warning C4311: 'type cast': pointer truncation from 'char (*)[7]' to 'long'
lib/aliases.gperf(173,63): warning C4311: 'type cast': pointer truncation from 'char (*)[6]' to 'long'
lib/aliases.gperf(26,63): warning C4311: 'type cast': pointer truncation from 'char (*)[10]' to 'long'
lib/aliases.gperf(168,63): warning C4311: 'type cast': pointer truncation from 'char (*)[8]' to 'long'
lib/aliases.gperf(164,63): warning C4311: 'type cast': pointer truncation from 'char (*)[8]' to 'long'
lib/aliases.gperf(41,63): warning C4311: 'type cast': pointer truncation from 'char (*)[7]' to 'long'
lib/aliases.gperf(35,63): warning C4311: 'type cast': pointer truncation from 'char (*)[7]' to 'long'
lib/aliases.gperf(23,63): warning C4311: 'type cast': pointer truncation from 'char (*)[6]' to 'long'
lib/aliases.gperf(90,63): warning C4311: 'type cast': pointer truncation from 'char (*)[11]' to 'long'
lib/aliases.gperf(167,63): warning C4311: 'type cast': pointer truncation from 'char (*)[7]' to 'long'
lib/aliases.gperf(179,63): warning C4311: 'type cast': pointer truncation from 'char (*)[8]' to 'long'
lib/aliases.gperf(33,63): warning C4311: 'type cast': pointer truncation from 'char (*)[6]' to 'long'
lib/aliases.gperf(82,63): warning C4311: 'type cast': pointer truncation from 'char (*)[11]' to 'long'
lib/aliases.gperf(245,63): warning C4311: 'type cast': pointer truncation from 'char (*)[11]' to 'long'
lib/aliases.gperf(208,63): warning C4311: 'type cast': pointer truncation from 'char (*)[9]' to 'long'
lib/aliases.gperf(298,63): warning C4311: 'type cast': pointer truncation from 'char (*)[15]' to 'long'
lib/aliases.gperf(357,63): warning C4311: 'type cast': pointer truncation from 'char (*)[5]' to 'long'
lib/aliases.gperf(349,63): warning C4311: 'type cast': pointer truncation from 'char (*)[6]' to 'long'
lib/aliases.gperf(335,63): warning C4311: 'type cast': pointer truncation from 'char (*)[5]' to 'long'
lib/aliases.gperf(253,63): warning C4311: 'type cast': pointer truncation from 'char (*)[6]' to 'long'
lib/aliases.gperf(230,63): warning C4311: 'type cast': pointer truncation from 'char (*)[10]' to 'long'
lib/aliases.gperf(340,63): warning C4311: 'type cast': pointer truncation from 'char (*)[7]' to 'long'
lib/aliases.gperf(31,63): warning C4311: 'type cast': pointer truncation from 'char (*)[8]' to 'long'
lib/aliases.gperf(198,63): warning C4311: 'type cast': pointer truncation from 'char (*)[7]' to 'long'
lib/aliases.gperf(12,63): warning C4311: 'type cast': pointer truncation from 'char (*)[9]' to 'long'
lib/aliases.gperf(348,63): warning C4311: 'type cast': pointer truncation from 'char (*)[7]' to 'long'
lib/aliases.gperf(321,63): warning C4311: 'type cast': pointer truncation from 'char (*)[9]' to 'long'
lib/aliases.gperf(336,63): warning C4311: 'type cast': pointer truncation from 'char (*)[6]' to 'long'
lib/aliases.gperf(250,63): warning C4311: 'type cast': pointer truncation from 'char (*)[14]' to 'long'
lib/aliases.gperf(339,63): warning C4311: 'type cast': pointer truncation from 'char (*)[8]' to 'long'
lib/aliases.gperf(218,63): warning C4311: 'type cast': pointer truncation from 'char (*)[12]' to 'long'
lib/aliases.gperf(322,63): warning C4311: 'type cast': pointer truncation from 'char (*)[4]' to 'long'
lib/aliases.gperf(248,63): warning C4311: 'type cast': pointer truncation from 'char (*)[9]' to 'long'
lib/aliases.gperf(176,63): warning C4311: 'type cast': pointer truncation from 'char (*)[8]' to 'long'
lib/aliases.gperf(237,63): warning C4311: 'type cast': pointer truncation from 'char (*)[15]' to 'long'
lib/aliases.gperf(108,63): warning C4311: 'type cast': pointer truncation from 'char (*)[9]' to 'long'
lib/aliases.gperf(142,63): warning C4311: 'type cast': pointer truncation from 'char (*)[11]' to 'long'
lib/aliases.gperf(110,63): warning C4311: 'type cast': pointer truncation from 'char (*)[7]' to 'long'
lib/aliases.gperf(301,63): warning C4311: 'type cast': pointer truncation from 'char (*)[7]' to 'long'
lib/aliases.gperf(85,63): warning C4311: 'type cast': pointer truncation from 'char (*)[12]' to 'long'
lib/aliases.gperf(25,63): warning C4311: 'type cast': pointer truncation from 'char (*)[16]' to 'long'
lib/aliases.gperf(37,63): warning C4311: 'type cast': pointer truncation from 'char (*)[8]' to 'long'
lib/aliases.gperf(235,63): warning C4311: 'type cast': pointer truncation from 'char (*)[8]' to 'long'
lib/aliases.gperf(266,63): warning C4311: 'type cast': pointer truncation from 'char (*)[18]' to 'long'
lib/aliases.gperf(356,63): warning C4311: 'type cast': pointer truncation from 'char (*)[12]' to 'long'
lib/aliases.gperf(226,63): warning C4311: 'type cast': pointer truncation from 'char (*)[7]' to 'long'
lib/aliases.gperf(56,63): warning C4311: 'type cast': pointer truncation from 'char (*)[11]' to 'long'
lib/aliases.gperf(277,63): warning C4311: 'type cast': pointer truncation from 'char (*)[15]' to 'long'
lib/aliases.gperf(101,63): warning C4311: 'type cast': pointer truncation from 'char (*)[17]' to 'long'
lib/aliases.gperf(19,63): warning C4311: 'type cast': pointer truncation from 'char (*)[6]' to 'long'
lib/aliases.gperf(40,63): warning C4311: 'type cast': pointer truncation from 'char (*)[9]' to 'long'
lib/aliases.gperf(15,63): warning C4311: 'type cast': pointer truncation from 'char (*)[17]' to 'long'
lib/aliases.gperf(192,63): warning C4311: 'type cast': pointer truncation from 'char (*)[7]' to 'long'
lib/aliases.gperf(215,63): warning C4311: 'type cast': pointer truncation from 'char (*)[11]' to 'long'
lib/aliases.gperf(43,63): warning C4311: 'type cast': pointer truncation from 'char (*)[9]' to 'long'
lib/aliases.gperf(300,63): warning C4311: 'type cast': pointer truncation from 'char (*)[14]' to 'long'
lib/aliases.gperf(100,63): warning C4311: 'type cast': pointer truncation from 'char (*)[7]' to 'long'
lib/aliases.gperf(355,63): warning C4311: 'type cast': pointer truncation from 'char (*)[12]' to 'long'
lib/aliases.gperf(34,63): warning C4311: 'type cast': pointer truncation from 'char (*)[16]' to 'long'
lib/aliases.gperf(27,63): warning C4311: 'type cast': pointer truncation from 'char (*)[8]' to 'long'
lib/aliases.gperf(290,63): warning C4311: 'type cast': pointer truncation from 'char (*)[11]' to 'long'
lib/aliases.gperf(265,63): warning C4311: 'type cast': pointer truncation from 'char (*)[3]' to 'long'
lib/aliases.gperf(243,63): warning C4311: 'type cast': pointer truncation from 'char (*)[10]' to 'long'
lib/aliases.gperf(284,63): warning C4311: 'type cast': pointer truncation from 'char (*)[21]' to 'long'
lib/aliases.gperf(111,63): warning C4311: 'type cast': pointer truncation from 'char (*)[6]' to 'long'
lib/aliases.gperf(260,63): warning C4311: 'type cast': pointer truncation from 'char (*)[11]' to 'long'
lib/aliases.gperf(292,63): warning C4311: 'type cast': pointer truncation from 'char (*)[16]' to 'long'
lib/aliases.gperf(326,63): warning C4311: 'type cast': pointer truncation from 'char (*)[8]' to 'long'
lib/aliases.gperf(259,63): warning C4311: 'type cast': pointer truncation from 'char (*)[10]' to 'long'
lib/aliases.gperf(285,63): warning C4311: 'type cast': pointer truncation from 'char (*)[11]' to 'long'
lib/aliases.gperf(238,63): warning C4311: 'type cast': pointer truncation from 'char (*)[10]' to 'long'
lib/aliases.gperf(98,63): warning C4311: 'type cast': pointer truncation from 'char (*)[9]' to 'long'
lib/aliases.gperf(46,63): warning C4311: 'type cast': pointer truncation from 'char (*)[16]' to 'long'
lib/aliases.gperf(18,63): warning C4311: 'type cast': pointer truncation from 'char (*)[15]' to 'long'
lib/aliases.gperf(32,63): warning C4311: 'type cast': pointer truncation from 'char (*)[14]' to 'long'
lib/aliases.gperf(113,63): warning C4311: 'type cast': pointer truncation from 'char (*)[10]' to 'long'
lib/aliases.gperf(295,63): warning C4311: 'type cast': pointer truncation from 'char (*)[15]' to 'long'
lib/aliases.gperf(240,63): warning C4311: 'type cast': pointer truncation from 'char (*)[14]' to 'long'
lib/aliases.gperf(17,63): warning C4311: 'type cast': pointer truncation from 'char (*)[15]' to 'long'
lib/aliases.gperf(169,63): warning C4311: 'type cast': pointer truncation from 'char (*)[7]' to 'long'
lib/aliases.gperf(47,63): warning C4311: 'type cast': pointer truncation from 'char (*)[15]' to 'long'
lib/aliases.gperf(36,63): warning C4311: 'type cast': pointer truncation from 'char (*)[8]' to 'long'
lib/aliases.gperf(103,63): warning C4311: 'type cast': pointer truncation from 'char (*)[11]' to 'long'
lib/aliases.gperf(307,63): warning C4311: 'type cast': pointer truncation from 'char (*)[10]' to 'long'
lib/aliases.gperf(320,63): warning C4311: 'type cast': pointer truncation from 'char (*)[6]' to 'long'
lib/aliases.gperf(262,63): warning C4311: 'type cast': pointer truncation from 'char (*)[18]' to 'long'
lib/aliases.gperf(45,63): warning C4311: 'type cast': pointer truncation from 'char (*)[18]' to 'long'
lib/aliases.gperf(175,63): warning C4311: 'type cast': pointer truncation from 'char (*)[13]' to 'long'
lib/aliases.gperf(190,63): warning C4311: 'type cast': pointer truncation from 'char (*)[13]' to 'long'
lib/aliases.gperf(181,63): warning C4311: 'type cast': pointer truncation from 'char (*)[13]' to 'long'
lib/aliases.gperf(187,63): warning C4311: 'type cast': pointer truncation from 'char (*)[13]' to 'long'
lib/aliases.gperf(178,63): warning C4311: 'type cast': pointer truncation from 'char (*)[13]' to 'long'
lib/aliases.gperf(325,63): warning C4311: 'type cast': pointer truncation from 'char (*)[12]' to 'long'
lib/aliases.gperf(196,63): warning C4311: 'type cast': pointer truncation from 'char (*)[13]' to 'long'
lib/aliases.gperf(350,63): warning C4311: 'type cast': pointer truncation from 'char (*)[8]' to 'long'
lib/aliases.gperf(297,63): warning C4311: 'type cast': pointer truncation from 'char (*)[15]' to 'long'
lib/aliases.gperf(104,63): warning C4311: 'type cast': pointer truncation from 'char (*)[11]' to 'long'
lib/aliases.gperf(306,63): warning C4311: 'type cast': pointer truncation from 'char (*)[10]' to 'long'
lib/aliases.gperf(274,63): warning C4311: 'type cast': pointer truncation from 'char (*)[8]' to 'long'
lib/aliases.gperf(39,63): warning C4311: 'type cast': pointer truncation from 'char (*)[9]' to 'long'
lib/aliases.gperf(143,63): warning C4311: 'type cast': pointer truncation from 'char (*)[7]' to 'long'
lib/aliases.gperf(42,63): warning C4311: 'type cast': pointer truncation from 'char (*)[9]' to 'long'
lib/aliases.gperf(224,63): warning C4311: 'type cast': pointer truncation from 'char (*)[8]' to 'long'
lib/aliases.gperf(49,63): warning C4311: 'type cast': pointer truncation from 'char (*)[15]' to 'long'
lib/aliases.gperf(112,63): warning C4311: 'type cast': pointer truncation from 'char (*)[16]' to 'long'
lib/aliases.gperf(210,63): warning C4311: 'type cast': pointer truncation from 'char (*)[9]' to 'long'
lib/aliases.gperf(304,63): warning C4311: 'type cast': pointer truncation from 'char (*)[46]' to 'long'
lib/aliases.gperf(333,63): warning C4311: 'type cast': pointer truncation from 'char (*)[6]' to 'long'
lib/aliases.gperf(287,63): warning C4311: 'type cast': pointer truncation from 'char (*)[10]' to 'long'
lib/aliases.gperf(132,63): warning C4311: 'type cast': pointer truncation from 'char (*)[11]' to 'long'
lib/aliases.gperf(97,63): warning C4311: 'type cast': pointer truncation from 'char (*)[11]' to 'long'
lib/aliases.gperf(276,63): warning C4311: 'type cast': pointer truncation from 'char (*)[10]' to 'long'
lib/aliases.gperf(184,63): warning C4311: 'type cast': pointer truncation from 'char (*)[13]' to 'long'
lib/aliases.gperf(73,63): warning C4311: 'type cast': pointer truncation from 'char (*)[16]' to 'long'
lib/aliases.gperf(89,63): warning C4311: 'type cast': pointer truncation from 'char (*)[16]' to 'long'
lib/aliases.gperf(20,63): warning C4311: 'type cast': pointer truncation from 'char (*)[7]' to 'long'
lib/aliases.gperf(116,63): warning C4311: 'type cast': pointer truncation from 'char (*)[16]' to 'long'
lib/aliases.gperf(331,63): warning C4311: 'type cast': pointer truncation from 'char (*)[11]' to 'long'
lib/aliases.gperf(332,63): warning C4311: 'type cast': pointer truncation from 'char (*)[7]' to 'long'
lib/aliases.gperf(289,63): warning C4311: 'type cast': pointer truncation from 'char (*)[14]' to 'long'
lib/aliases.gperf(229,63): warning C4311: 'type cast': pointer truncation from 'char (*)[9]' to 'long'
lib/aliases.gperf(316,63): warning C4311: 'type cast': pointer truncation from 'char (*)[13]' to 'long'
lib/aliases.gperf(123,63): warning C4311: 'type cast': pointer truncation from 'char (*)[16]' to 'long'
lib/aliases.gperf(170,63): warning C4311: 'type cast': pointer truncation from 'char (*)[8]' to 'long'
lib/aliases.gperf(211,63): warning C4311: 'type cast': pointer truncation from 'char (*)[10]' to 'long'
lib/aliases.gperf(172,63): warning C4311: 'type cast': pointer truncation from 'char (*)[13]' to 'long'
lib/aliases.gperf(279,63): warning C4311: 'type cast': pointer truncation from 'char (*)[10]' to 'long'
lib/aliases.gperf(314,63): warning C4311: 'type cast': pointer truncation from 'char (*)[14]' to 'long'
lib/aliases.gperf(216,63): warning C4311: 'type cast': pointer truncation from 'char (*)[12]' to 'long'
lib/aliases.gperf(225,63): warning C4311: 'type cast': pointer truncation from 'char (*)[10]' to 'long'
lib/aliases.gperf(315,63): warning C4311: 'type cast': pointer truncation from 'char (*)[14]' to 'long'
lib/aliases.gperf(81,63): warning C4311: 'type cast': pointer truncation from 'char (*)[16]' to 'long'
lib/aliases.gperf(346,63): warning C4311: 'type cast': pointer truncation from 'char (*)[10]' to 'long'
lib/aliases.gperf(99,63): warning C4311: 'type cast': pointer truncation from 'char (*)[9]' to 'long'
lib/aliases.gperf(303,63): warning C4311: 'type cast': pointer truncation from 'char (*)[6]' to 'long'
lib/aliases.gperf(338,63): warning C4311: 'type cast': pointer truncation from 'char (*)[8]' to 'long'
lib/aliases.gperf(345,63): warning C4311: 'type cast': pointer truncation from 'char (*)[11]' to 'long'
lib/aliases.gperf(214,63): warning C4311: 'type cast': pointer truncation from 'char (*)[17]' to 'long'
lib/aliases.gperf(204,63): warning C4311: 'type cast': pointer truncation from 'char (*)[19]' to 'long'
lib/aliases.gperf(302,63): warning C4311: 'type cast': pointer truncation from 'char (*)[7]' to 'long'
lib/aliases.gperf(337,63): warning C4311: 'type cast': pointer truncation from 'char (*)[9]' to 'long'
lib/aliases.gperf(310,63): warning C4311: 'type cast': pointer truncation from 'char (*)[11]' to 'long'
lib/aliases.gperf(263,63): warning C4311: 'type cast': pointer truncation from 'char (*)[10]' to 'long'
lib/aliases.gperf(268,63): warning C4311: 'type cast': pointer truncation from 'char (*)[14]' to 'long'
lib/aliases.gperf(267,63): warning C4311: 'type cast': pointer truncation from 'char (*)[10]' to 'long'
lib/aliases.gperf(119,63): warning C4311: 'type cast': pointer truncation from 'char (*)[17]' to 'long'
lib/aliases.gperf(223,63): warning C4311: 'type cast': pointer truncation from 'char (*)[10]' to 'long'
lib/aliases.gperf(278,63): warning C4311: 'type cast': pointer truncation from 'char (*)[16]' to 'long'
lib/aliases.gperf(271,63): warning C4311: 'type cast': pointer truncation from 'char (*)[10]' to 'long'
lib/aliases.gperf(44,63): warning C4311: 'type cast': pointer truncation from 'char (*)[6]' to 'long'
lib/aliases.gperf(220,63): warning C4311: 'type cast': pointer truncation from 'char (*)[9]' to 'long'
lib/aliases.gperf(313,63): warning C4311: 'type cast': pointer truncation from 'char (*)[12]' to 'long'
lib/aliases.gperf(185,63): warning C4311: 'type cast': pointer truncation from 'char (*)[8]' to 'long'
lib/aliases.gperf(281,63): warning C4311: 'type cast': pointer truncation from 'char (*)[15]' to 'long'
lib/aliases.gperf(193,63): warning C4311: 'type cast': pointer truncation from 'char (*)[13]' to 'long'
lib/aliases.gperf(272,63): warning C4311: 'type cast': pointer truncation from 'char (*)[15]' to 'long'
lib/aliases.gperf(182,63): warning C4311: 'type cast': pointer truncation from 'char (*)[9]' to 'long'
lib/aliases.gperf(228,63): warning C4311: 'type cast': pointer truncation from 'char (*)[11]' to 'long'
lib/aliases.gperf(52,63): warning C4311: 'type cast': pointer truncation from 'char (*)[5]' to 'long'
lib/aliases.gperf(188,63): warning C4311: 'type cast': pointer truncation from 'char (*)[8]' to 'long'
lib/aliases.gperf(213,63): warning C4311: 'type cast': pointer truncation from 'char (*)[12]' to 'long'
lib/aliases.gperf(312,63): warning C4311: 'type cast': pointer truncation from 'char (*)[12]' to 'long'
lib/aliases.gperf(334,63): warning C4311: 'type cast': pointer truncation from 'char (*)[8]' to 'long'
lib/aliases.gperf(232,63): warning C4311: 'type cast': pointer truncation from 'char (*)[12]' to 'long'
lib/aliases.gperf(28,63): warning C4311: 'type cast': pointer truncation from 'char (*)[11]' to 'long'
lib/aliases.gperf(309,63): warning C4311: 'type cast': pointer truncation from 'char (*)[9]' to 'long'
lib/aliases.gperf(200,63): warning C4311: 'type cast': pointer truncation from 'char (*)[20]' to 'long'
lib/aliases.gperf(219,63): warning C4311: 'type cast': pointer truncation from 'char (*)[11]' to 'long'
lib/aliases.gperf(55,63): warning C4311: 'type cast': pointer truncation from 'char (*)[16]' to 'long'
lib/aliases.gperf(96,63): warning C4311: 'type cast': pointer truncation from 'char (*)[16]' to 'long'
lib/aliases.gperf(106,63): warning C4311: 'type cast': pointer truncation from 'char (*)[16]' to 'long'
lib/aliases.gperf(231,63): warning C4311: 'type cast': pointer truncation from 'char (*)[17]' to 'long'
lib/aliases.gperf(65,63): warning C4311: 'type cast': pointer truncation from 'char (*)[16]' to 'long'
lib/aliases.gperf(280,63): warning C4311: 'type cast': pointer truncation from 'char (*)[17]' to 'long'
lib/aliases.gperf(273,63): warning C4311: 'type cast': pointer truncation from 'char (*)[15]' to 'long'
lib/aliases.gperf(358,63): warning C4311: 'type cast': pointer truncation from 'char (*)[8]' to 'long'
lib/aliases.gperf(217,63): warning C4311: 'type cast': pointer truncation from 'char (*)[11]' to 'long'
lib/aliases.gperf(254,63): warning C4311: 'type cast': pointer truncation from 'char (*)[12]' to 'long'
lib/aliases.gperf(305,63): warning C4311: 'type cast': pointer truncation from 'char (*)[20]' to 'long'
lib/aliases.gperf(191,63): warning C4311: 'type cast': pointer truncation from 'char (*)[8]' to 'long'
lib/aliases.gperf(48,63): warning C4311: 'type cast': pointer truncation from 'char (*)[14]' to 'long'
lib/aliases.gperf(261,63): warning C4311: 'type cast': pointer truncation from 'char (*)[16]' to 'long'
lib/aliases.gperf(118,63): warning C4311: 'type cast': pointer truncation from 'char (*)[7]' to 'long'
lib/aliases.gperf(50,63): warning C4311: 'type cast': pointer truncation from 'char (*)[14]' to 'long'
lib/aliases.gperf(353,63): warning C4311: 'type cast': pointer truncation from 'char (*)[6]' to 'long'
lib/aliases.gperf(221,63): warning C4311: 'type cast': pointer truncation from 'char (*)[11]' to 'long'
lib/aliases.gperf(105,63): warning C4311: 'type cast': pointer truncation from 'char (*)[16]' to 'long'
lib/aliases.gperf(194,63): warning C4311: 'type cast': pointer truncation from 'char (*)[11]' to 'long'
lib/aliases.gperf(343,63): warning C4311: 'type cast': pointer truncation from 'char (*)[16]' to 'long'
lib/aliases.gperf(347,63): warning C4311: 'type cast': pointer truncation from 'char (*)[16]' to 'long'
lib/aliases.gperf(270,63): warning C4311: 'type cast': pointer truncation from 'char (*)[20]' to 'long'
lib/aliases.gperf(342,63): warning C4311: 'type cast': pointer truncation from 'char (*)[16]' to 'long'
lib/aliases.gperf(222,63): warning C4311: 'type cast': pointer truncation from 'char (*)[10]' to 'long'
lib/aliases.gperf(344,63): warning C4311: 'type cast': pointer truncation from 'char (*)[16]' to 'long'
d:\Git\gettext-msvc-2019\libiconv-1.14\lib\aliases_dos.h(1,3): warning C4311: 'type cast': pointer truncation from 'char (*)[6]' to 'long'
d:\Git\gettext-msvc-2019\libiconv-1.14\lib\aliases_dos.h(2,3): warning C4311: 'type cast': pointer truncation from 'char (*)[7]' to 'long'
d:\Git\gettext-msvc-2019\libiconv-1.14\lib\aliases_dos.h(3,3): warning C4311: 'type cast': pointer truncation from 'char (*)[4]' to 'long'
d:\Git\gettext-msvc-2019\libiconv-1.14\lib\aliases_dos.h(4,3): warning C4311: 'type cast': pointer truncation from 'char (*)[17]' to 'long'
d:\Git\gettext-msvc-2019\libiconv-1.14\lib\aliases_dos.h(5,3): warning C4311: 'type cast': pointer truncation from 'char (*)[6]' to 'long'
d:\Git\gettext-msvc-2019\libiconv-1.14\lib\aliases_dos.h(6,3): warning C4311: 'type cast': pointer truncation from 'char (*)[6]' to 'long'
d:\Git\gettext-msvc-2019\libiconv-1.14\lib\aliases_dos.h(7,3): warning C4311: 'type cast': pointer truncation from 'char (*)[7]' to 'long'
d:\Git\gettext-msvc-2019\libiconv-1.14\lib\aliases_dos.h(8,3): warning C4311: 'type cast': pointer truncation from 'char (*)[14]' to 'long'
d:\Git\gettext-msvc-2019\libiconv-1.14\lib\aliases_dos.h(9,3): warning C4311: 'type cast': pointer truncation from 'char (*)[6]' to 'long'
d:\Git\gettext-msvc-2019\libiconv-1.14\lib\aliases_dos.h(10,3): warning C4311: 'type cast': pointer truncation from 'char (*)[7]' to 'long'
d:\Git\gettext-msvc-2019\libiconv-1.14\lib\aliases_dos.h(11,3): warning C4311: 'type cast': pointer truncation from 'char (*)[4]' to 'long'
d:\Git\gettext-msvc-2019\libiconv-1.14\lib\aliases_dos.h(12,3): warning C4311: 'type cast': pointer truncation from 'char (*)[9]' to 'long'
d:\Git\gettext-msvc-2019\libiconv-1.14\lib\aliases_dos.h(13,3): warning C4311: 'type cast': pointer truncation from 'char (*)[6]' to 'long'
d:\Git\gettext-msvc-2019\libiconv-1.14\lib\aliases_dos.h(14,3): warning C4311: 'type cast': pointer truncation from 'char (*)[6]' to 'long'
d:\Git\gettext-msvc-2019\libiconv-1.14\lib\aliases_dos.h(15,3): warning C4311: 'type cast': pointer truncation from 'char (*)[7]' to 'long'
d:\Git\gettext-msvc-2019\libiconv-1.14\lib\aliases_dos.h(16,3): warning C4311: 'type cast': pointer truncation from 'char (*)[4]' to 'long'
d:\Git\gettext-msvc-2019\libiconv-1.14\lib\aliases_dos.h(17,3): warning C4311: 'type cast': pointer truncation from 'char (*)[9]' to 'long'
d:\Git\gettext-msvc-2019\libiconv-1.14\lib\aliases_dos.h(18,3): warning C4311: 'type cast': pointer truncation from 'char (*)[6]' to 'long'
d:\Git\gettext-msvc-2019\libiconv-1.14\lib\aliases_dos.h(19,3): warning C4311: 'type cast': pointer truncation from 'char (*)[7]' to 'long'
d:\Git\gettext-msvc-2019\libiconv-1.14\lib\aliases_dos.h(20,3): warning C4311: 'type cast': pointer truncation from 'char (*)[4]' to 'long'
d:\Git\gettext-msvc-2019\libiconv-1.14\lib\aliases_dos.h(21,3): warning C4311: 'type cast': pointer truncation from 'char (*)[9]' to 'long'
d:\Git\gettext-msvc-2019\libiconv-1.14\lib\aliases_dos.h(22,3): warning C4311: 'type cast': pointer truncation from 'char (*)[6]' to 'long'
d:\Git\gettext-msvc-2019\libiconv-1.14\lib\aliases_dos.h(23,3): warning C4311: 'type cast': pointer truncation from 'char (*)[6]' to 'long'
d:\Git\gettext-msvc-2019\libiconv-1.14\lib\aliases_dos.h(24,3): warning C4311: 'type cast': pointer truncation from 'char (*)[7]' to 'long'
d:\Git\gettext-msvc-2019\libiconv-1.14\lib\aliases_dos.h(25,3): warning C4311: 'type cast': pointer truncation from 'char (*)[4]' to 'long'
d:\Git\gettext-msvc-2019\libiconv-1.14\lib\aliases_dos.h(26,3): warning C4311: 'type cast': pointer truncation from 'char (*)[9]' to 'long'
d:\Git\gettext-msvc-2019\libiconv-1.14\lib\aliases_dos.h(27,3): warning C4311: 'type cast': pointer truncation from 'char (*)[6]' to 'long'
d:\Git\gettext-msvc-2019\libiconv-1.14\lib\aliases_dos.h(28,3): warning C4311: 'type cast': pointer truncation from 'char (*)[7]' to 'long'
d:\Git\gettext-msvc-2019\libiconv-1.14\lib\aliases_dos.h(29,3): warning C4311: 'type cast': pointer truncation from 'char (*)[4]' to 'long'
d:\Git\gettext-msvc-2019\libiconv-1.14\lib\aliases_dos.h(30,3): warning C4311: 'type cast': pointer truncation from 'char (*)[6]' to 'long'
d:\Git\gettext-msvc-2019\libiconv-1.14\lib\aliases_dos.h(31,3): warning C4311: 'type cast': pointer truncation from 'char (*)[9]' to 'long'
d:\Git\gettext-msvc-2019\libiconv-1.14\lib\aliases_dos.h(32,3): warning C4311: 'type cast': pointer truncation from 'char (*)[6]' to 'long'
d:\Git\gettext-msvc-2019\libiconv-1.14\lib\aliases_dos.h(33,3): warning C4311: 'type cast': pointer truncation from 'char (*)[7]' to 'long'
d:\Git\gettext-msvc-2019\libiconv-1.14\lib\aliases_dos.h(34,3): warning C4311: 'type cast': pointer truncation from 'char (*)[4]' to 'long'
d:\Git\gettext-msvc-2019\libiconv-1.14\lib\aliases_dos.h(35,3): warning C4311: 'type cast': pointer truncation from 'char (*)[9]' to 'long'
d:\Git\gettext-msvc-2019\libiconv-1.14\lib\aliases_dos.h(36,3): warning C4311: 'type cast': pointer truncation from 'char (*)[6]' to 'long'
d:\Git\gettext-msvc-2019\libiconv-1.14\lib\aliases_dos.h(37,3): warning C4311: 'type cast': pointer truncation from 'char (*)[7]' to 'long'
d:\Git\gettext-msvc-2019\libiconv-1.14\lib\aliases_dos.h(38,3): warning C4311: 'type cast': pointer truncation from 'char (*)[9]' to 'long'
d:\Git\gettext-msvc-2019\libiconv-1.14\lib\aliases_dos.h(39,3): warning C4311: 'type cast': pointer truncation from 'char (*)[6]' to 'long'
d:\Git\gettext-msvc-2019\libiconv-1.14\lib\aliases_dos.h(40,3): warning C4311: 'type cast': pointer truncation from 'char (*)[7]' to 'long'
d:\Git\gettext-msvc-2019\libiconv-1.14\lib\aliases_dos.h(41,3): warning C4311: 'type cast': pointer truncation from 'char (*)[4]' to 'long'
d:\Git\gettext-msvc-2019\libiconv-1.14\lib\aliases_dos.h(42,3): warning C4311: 'type cast': pointer truncation from 'char (*)[9]' to 'long'
d:\Git\gettext-msvc-2019\libiconv-1.14\lib\aliases_dos.h(43,3): warning C4311: 'type cast': pointer truncation from 'char (*)[6]' to 'long'
d:\Git\gettext-msvc-2019\libiconv-1.14\lib\aliases_dos.h(44,3): warning C4311: 'type cast': pointer truncation from 'char (*)[7]' to 'long'
d:\Git\gettext-msvc-2019\libiconv-1.14\lib\aliases_dos.h(45,3): warning C4311: 'type cast': pointer truncation from 'char (*)[4]' to 'long'
d:\Git\gettext-msvc-2019\libiconv-1.14\lib\aliases_dos.h(46,3): warning C4311: 'type cast': pointer truncation from 'char (*)[6]' to 'long'
d:\Git\gettext-msvc-2019\libiconv-1.14\lib\aliases_dos.h(47,3): warning C4311: 'type cast': pointer truncation from 'char (*)[9]' to 'long'
d:\Git\gettext-msvc-2019\libiconv-1.14\lib\aliases_dos.h(48,3): warning C4311: 'type cast': pointer truncation from 'char (*)[7]' to 'long'
d:\Git\gettext-msvc-2019\libiconv-1.14\lib\iconv_open1.h(84,35): warning C4244: 'function': conversion from '__int64' to 'unsigned int', possible loss of data
d:\Git\gettext-msvc-2019\libiconv-1.14\lib\iconv_open1.h(174,35): warning C4244: 'function': conversion from '__int64' to 'unsigned int', possible loss of data
d:\Git\gettext-msvc-2019\libiconv-1.14\lib\iconv_open1.h(84,35): warning C4244: 'function': conversion from '__int64' to 'unsigned int', possible loss of data
d:\Git\gettext-msvc-2019\libiconv-1.14\lib\iconv_open1.h(174,35): warning C4244: 'function': conversion from '__int64' to 'unsigned int', possible loss of data
d:\Git\gettext-msvc-2019\libiconv-1.14\lib\iconv.c(427,23): warning C4090: 'function': different 'const' qualifiers
d:\Git\gettext-msvc-2019\libiconv-1.14\lib\iconv.c(429,19): warning C4267: 'function': conversion from 'size_t' to 'unsigned int', possible loss of data
d:\Git\gettext-msvc-2019\libiconv-1.14\lib\canonical.h(1,60): warning C4311: 'type cast': pointer truncation from 'char (*)[9]' to 'long'
d:\Git\gettext-msvc-2019\libiconv-1.14\lib\canonical.h(2,60): warning C4311: 'type cast': pointer truncation from 'char (*)[6]' to 'long'
d:\Git\gettext-msvc-2019\libiconv-1.14\lib\canonical.h(3,60): warning C4311: 'type cast': pointer truncation from 'char (*)[6]' to 'long'
d:\Git\gettext-msvc-2019\libiconv-1.14\lib\canonical.h(4,60): warning C4311: 'type cast': pointer truncation from 'char (*)[8]' to 'long'
d:\Git\gettext-msvc-2019\libiconv-1.14\lib\canonical.h(5,60): warning C4311: 'type cast': pointer truncation from 'char (*)[8]' to 'long'
d:\Git\gettext-msvc-2019\libiconv-1.14\lib\canonical.h(6,60): warning C4311: 'type cast': pointer truncation from 'char (*)[6]' to 'long'
d:\Git\gettext-msvc-2019\libiconv-1.14\lib\canonical.h(7,60): warning C4311: 'type cast': pointer truncation from 'char (*)[8]' to 'long'
d:\Git\gettext-msvc-2019\libiconv-1.14\lib\canonical.h(8,60): warning C4311: 'type cast': pointer truncation from 'char (*)[8]' to 'long'
d:\Git\gettext-msvc-2019\libiconv-1.14\lib\canonical.h(9,60): warning C4311: 'type cast': pointer truncation from 'char (*)[7]' to 'long'
d:\Git\gettext-msvc-2019\libiconv-1.14\lib\canonical.h(10,60): warning C4311: 'type cast': pointer truncation from 'char (*)[9]' to 'long'
d:\Git\gettext-msvc-2019\libiconv-1.14\lib\canonical.h(11,60): warning C4311: 'type cast': pointer truncation from 'char (*)[9]' to 'long'
d:\Git\gettext-msvc-2019\libiconv-1.14\lib\canonical.h(12,60): warning C4311: 'type cast': pointer truncation from 'char (*)[7]' to 'long'
d:\Git\gettext-msvc-2019\libiconv-1.14\lib\canonical.h(13,60): warning C4311: 'type cast': pointer truncation from 'char (*)[9]' to 'long'
d:\Git\gettext-msvc-2019\libiconv-1.14\lib\canonical.h(14,60): warning C4311: 'type cast': pointer truncation from 'char (*)[9]' to 'long'
d:\Git\gettext-msvc-2019\libiconv-1.14\lib\canonical.h(15,60): warning C4311: 'type cast': pointer truncation from 'char (*)[6]' to 'long'
d:\Git\gettext-msvc-2019\libiconv-1.14\lib\canonical.h(16,60): warning C4311: 'type cast': pointer truncation from 'char (*)[15]' to 'long'
d:\Git\gettext-msvc-2019\libiconv-1.14\lib\canonical.h(17,60): warning C4311: 'type cast': pointer truncation from 'char (*)[14]' to 'long'
d:\Git\gettext-msvc-2019\libiconv-1.14\lib\canonical.h(18,60): warning C4311: 'type cast': pointer truncation from 'char (*)[15]' to 'long'
d:\Git\gettext-msvc-2019\libiconv-1.14\lib\canonical.h(19,60): warning C4311: 'type cast': pointer truncation from 'char (*)[14]' to 'long'
d:\Git\gettext-msvc-2019\libiconv-1.14\lib\canonical.h(20,59): warning C4311: 'type cast': pointer truncation from 'char (*)[4]' to 'long'
d:\Git\gettext-msvc-2019\libiconv-1.14\lib\canonical.h(21,60): warning C4311: 'type cast': pointer truncation from 'char (*)[5]' to 'long'
d:\Git\gettext-msvc-2019\libiconv-1.14\lib\canonical.h(22,59): warning C4311: 'type cast': pointer truncation from 'char (*)[11]' to 'long'
d:\Git\gettext-msvc-2019\libiconv-1.14\lib\canonical.h(23,59): warning C4311: 'type cast': pointer truncation from 'char (*)[11]' to 'long'
d:\Git\gettext-msvc-2019\libiconv-1.14\lib\canonical.h(24,59): warning C4311: 'type cast': pointer truncation from 'char (*)[11]' to 'long'
d:\Git\gettext-msvc-2019\libiconv-1.14\lib\canonical.h(25,60): warning C4311: 'type cast': pointer truncation from 'char (*)[11]' to 'long'
d:\Git\gettext-msvc-2019\libiconv-1.14\lib\canonical.h(26,59): warning C4311: 'type cast': pointer truncation from 'char (*)[11]' to 'long'
d:\Git\gettext-msvc-2019\libiconv-1.14\lib\canonical.h(27,59): warning C4311: 'type cast': pointer truncation from 'char (*)[11]' to 'long'
d:\Git\gettext-msvc-2019\libiconv-1.14\lib\canonical.h(28,60): warning C4311: 'type cast': pointer truncation from 'char (*)[11]' to 'long'
d:\Git\gettext-msvc-2019\libiconv-1.14\lib\canonical.h(29,59): warning C4311: 'type cast': pointer truncation from 'char (*)[11]' to 'long'
d:\Git\gettext-msvc-2019\libiconv-1.14\lib\canonical.h(30,59): warning C4311: 'type cast': pointer truncation from 'char (*)[11]' to 'long'
d:\Git\gettext-msvc-2019\libiconv-1.14\lib\canonical.h(31,60): warning C4311: 'type cast': pointer truncation from 'char (*)[12]' to 'long'
d:\Git\gettext-msvc-2019\libiconv-1.14\lib\canonical.h(32,59): warning C4311: 'type cast': pointer truncation from 'char (*)[12]' to 'long'
d:\Git\gettext-msvc-2019\libiconv-1.14\lib\canonical.h(33,59): warning C4311: 'type cast': pointer truncation from 'char (*)[12]' to 'long'
d:\Git\gettext-msvc-2019\libiconv-1.14\lib\canonical.h(34,60): warning C4311: 'type cast': pointer truncation from 'char (*)[12]' to 'long'
d:\Git\gettext-msvc-2019\libiconv-1.14\lib\canonical.h(35,59): warning C4311: 'type cast': pointer truncation from 'char (*)[12]' to 'long'
d:\Git\gettext-msvc-2019\libiconv-1.14\lib\canonical.h(36,59): warning C4311: 'type cast': pointer truncation from 'char (*)[12]' to 'long'
d:\Git\gettext-msvc-2019\libiconv-1.14\lib\canonical.h(37,60): warning C4311: 'type cast': pointer truncation from 'char (*)[7]' to 'long'
d:\Git\gettext-msvc-2019\libiconv-1.14\lib\canonical.h(38,60): warning C4311: 'type cast': pointer truncation from 'char (*)[7]' to 'long'
d:\Git\gettext-msvc-2019\libiconv-1.14\lib\canonical.h(39,60): warning C4311: 'type cast': pointer truncation from 'char (*)[8]' to 'long'
d:\Git\gettext-msvc-2019\libiconv-1.14\lib\canonical.h(40,60): warning C4311: 'type cast': pointer truncation from 'char (*)[7]' to 'long'
d:\Git\gettext-msvc-2019\libiconv-1.14\lib\canonical.h(41,59): warning C4311: 'type cast': pointer truncation from 'char (*)[7]' to 'long'
d:\Git\gettext-msvc-2019\libiconv-1.14\lib\canonical.h(42,59): warning C4311: 'type cast': pointer truncation from 'char (*)[7]' to 'long'
d:\Git\gettext-msvc-2019\libiconv-1.14\lib\canonical.h(43,59): warning C4311: 'type cast': pointer truncation from 'char (*)[7]' to 'long'
d:\Git\gettext-msvc-2019\libiconv-1.14\lib\canonical.h(44,60): warning C4311: 'type cast': pointer truncation from 'char (*)[7]' to 'long'
d:\Git\gettext-msvc-2019\libiconv-1.14\lib\canonical.h(45,59): warning C4311: 'type cast': pointer truncation from 'char (*)[7]' to 'long'
d:\Git\gettext-msvc-2019\libiconv-1.14\lib\canonical.h(46,59): warning C4311: 'type cast': pointer truncation from 'char (*)[7]' to 'long'
d:\Git\gettext-msvc-2019\libiconv-1.14\lib\canonical.h(47,60): warning C4311: 'type cast': pointer truncation from 'char (*)[7]' to 'long'
d:\Git\gettext-msvc-2019\libiconv-1.14\lib\canonical.h(48,59): warning C4311: 'type cast': pointer truncation from 'char (*)[7]' to 'long'
d:\Git\gettext-msvc-2019\libiconv-1.14\lib\canonical.h(49,60): warning C4311: 'type cast': pointer truncation from 'char (*)[6]' to 'long'
d:\Git\gettext-msvc-2019\libiconv-1.14\lib\canonical.h(50,59): warning C4311: 'type cast': pointer truncation from 'char (*)[6]' to 'long'
d:\Git\gettext-msvc-2019\libiconv-1.14\lib\canonical.h(51,59): warning C4311: 'type cast': pointer truncation from 'char (*)[6]' to 'long'
d:\Git\gettext-msvc-2019\libiconv-1.14\lib\canonical.h(52,59): warning C4311: 'type cast': pointer truncation from 'char (*)[7]' to 'long'
d:\Git\gettext-msvc-2019\libiconv-1.14\lib\canonical.h(53,60): warning C4311: 'type cast': pointer truncation from 'char (*)[9]' to 'long'
d:\Git\gettext-msvc-2019\libiconv-1.14\lib\canonical.h(54,60): warning C4311: 'type cast': pointer truncation from 'char (*)[17]' to 'long'
d:\Git\gettext-msvc-2019\libiconv-1.14\lib\canonical.h(55,60): warning C4311: 'type cast': pointer truncation from 'char (*)[11]' to 'long'
d:\Git\gettext-msvc-2019\libiconv-1.14\lib\canonical.h(56,60): warning C4311: 'type cast': pointer truncation from 'char (*)[12]' to 'long'
d:\Git\gettext-msvc-2019\libiconv-1.14\lib\canonical.h(57,60): warning C4311: 'type cast': pointer truncation from 'char (*)[11]' to 'long'
d:\Git\gettext-msvc-2019\libiconv-1.14\lib\canonical.h(58,60): warning C4311: 'type cast': pointer truncation from 'char (*)[12]' to 'long'
d:\Git\gettext-msvc-2019\libiconv-1.14\lib\canonical.h(59,60): warning C4311: 'type cast': pointer truncation from 'char (*)[11]' to 'long'
d:\Git\gettext-msvc-2019\libiconv-1.14\lib\canonical.h(60,60): warning C4311: 'type cast': pointer truncation from 'char (*)[9]' to 'long'
d:\Git\gettext-msvc-2019\libiconv-1.14\lib\canonical.h(61,60): warning C4311: 'type cast': pointer truncation from 'char (*)[11]' to 'long'
d:\Git\gettext-msvc-2019\libiconv-1.14\lib\canonical.h(62,60): warning C4311: 'type cast': pointer truncation from 'char (*)[10]' to 'long'
d:\Git\gettext-msvc-2019\libiconv-1.14\lib\canonical.h(63,60): warning C4311: 'type cast': pointer truncation from 'char (*)[10]' to 'long'
d:\Git\gettext-msvc-2019\libiconv-1.14\lib\canonical.h(64,60): warning C4311: 'type cast': pointer truncation from 'char (*)[8]' to 'long'
d:\Git\gettext-msvc-2019\libiconv-1.14\lib\canonical.h(65,60): warning C4311: 'type cast': pointer truncation from 'char (*)[10]' to 'long'
d:\Git\gettext-msvc-2019\libiconv-1.14\lib\canonical.h(66,60): warning C4311: 'type cast': pointer truncation from 'char (*)[9]' to 'long'
d:\Git\gettext-msvc-2019\libiconv-1.14\lib\canonical.h(67,60): warning C4311: 'type cast': pointer truncation from 'char (*)[10]' to 'long'
d:\Git\gettext-msvc-2019\libiconv-1.14\lib\canonical.h(68,60): warning C4311: 'type cast': pointer truncation from 'char (*)[17]' to 'long'
d:\Git\gettext-msvc-2019\libiconv-1.14\lib\canonical.h(69,60): warning C4311: 'type cast': pointer truncation from 'char (*)[12]' to 'long'
d:\Git\gettext-msvc-2019\libiconv-1.14\lib\canonical.h(70,60): warning C4311: 'type cast': pointer truncation from 'char (*)[7]' to 'long'
d:\Git\gettext-msvc-2019\libiconv-1.14\lib\canonical.h(71,60): warning C4311: 'type cast': pointer truncation from 'char (*)[6]' to 'long'
d:\Git\gettext-msvc-2019\libiconv-1.14\lib\canonical.h(72,60): warning C4311: 'type cast': pointer truncation from 'char (*)[7]' to 'long'
d:\Git\gettext-msvc-2019\libiconv-1.14\lib\canonical.h(73,60): warning C4311: 'type cast': pointer truncation from 'char (*)[10]' to 'long'
d:\Git\gettext-msvc-2019\libiconv-1.14\lib\canonical.h(74,59): warning C4311: 'type cast': pointer truncation from 'char (*)[7]' to 'long'
d:\Git\gettext-msvc-2019\libiconv-1.14\lib\canonical.h(75,60): warning C4311: 'type cast': pointer truncation from 'char (*)[8]' to 'long'
d:\Git\gettext-msvc-2019\libiconv-1.14\lib\canonical.h(76,60): warning C4311: 'type cast': pointer truncation from 'char (*)[6]' to 'long'
d:\Git\gettext-msvc-2019\libiconv-1.14\lib\canonical.h(77,60): warning C4311: 'type cast': pointer truncation from 'char (*)[7]' to 'long'
d:\Git\gettext-msvc-2019\libiconv-1.14\lib\canonical.h(78,60): warning C4311: 'type cast': pointer truncation from 'char (*)[5]' to 'long'
d:\Git\gettext-msvc-2019\libiconv-1.14\lib\canonical.h(79,60): warning C4311: 'type cast': pointer truncation from 'char (*)[18]' to 'long'
d:\Git\gettext-msvc-2019\libiconv-1.14\lib\canonical.h(80,60): warning C4311: 'type cast': pointer truncation from 'char (*)[10]' to 'long'
d:\Git\gettext-msvc-2019\libiconv-1.14\lib\canonical.h(81,60): warning C4311: 'type cast': pointer truncation from 'char (*)[10]' to 'long'
d:\Git\gettext-msvc-2019\libiconv-1.14\lib\canonical.h(82,60): warning C4311: 'type cast': pointer truncation from 'char (*)[10]' to 'long'
d:\Git\gettext-msvc-2019\libiconv-1.14\lib\canonical.h(83,60): warning C4311: 'type cast': pointer truncation from 'char (*)[11]' to 'long'
d:\Git\gettext-msvc-2019\libiconv-1.14\lib\canonical.h(84,60): warning C4311: 'type cast': pointer truncation from 'char (*)[11]' to 'long'
d:\Git\gettext-msvc-2019\libiconv-1.14\lib\canonical.h(85,60): warning C4311: 'type cast': pointer truncation from 'char (*)[11]' to 'long'
d:\Git\gettext-msvc-2019\libiconv-1.14\lib\canonical.h(86,60): warning C4311: 'type cast': pointer truncation from 'char (*)[9]' to 'long'
d:\Git\gettext-msvc-2019\libiconv-1.14\lib\canonical.h(87,60): warning C4311: 'type cast': pointer truncation from 'char (*)[7]' to 'long'
d:\Git\gettext-msvc-2019\libiconv-1.14\lib\canonical.h(88,60): warning C4311: 'type cast': pointer truncation from 'char (*)[10]' to 'long'
d:\Git\gettext-msvc-2019\libiconv-1.14\lib\canonical.h(89,59): warning C4311: 'type cast': pointer truncation from 'char (*)[6]' to 'long'
d:\Git\gettext-msvc-2019\libiconv-1.14\lib\canonical.h(90,60): warning C4311: 'type cast': pointer truncation from 'char (*)[12]' to 'long'
d:\Git\gettext-msvc-2019\libiconv-1.14\lib\canonical.h(91,60): warning C4311: 'type cast': pointer truncation from 'char (*)[14]' to 'long'
d:\Git\gettext-msvc-2019\libiconv-1.14\lib\canonical.h(92,60): warning C4311: 'type cast': pointer truncation from 'char (*)[14]' to 'long'
d:\Git\gettext-msvc-2019\libiconv-1.14\lib\canonical.h(93,59): warning C4311: 'type cast': pointer truncation from 'char (*)[7]' to 'long'
d:\Git\gettext-msvc-2019\libiconv-1.14\lib\canonical.h(94,60): warning C4311: 'type cast': pointer truncation from 'char (*)[4]' to 'long'
d:\Git\gettext-msvc-2019\libiconv-1.14\lib\canonical.h(95,59): warning C4311: 'type cast': pointer truncation from 'char (*)[6]' to 'long'
d:\Git\gettext-msvc-2019\libiconv-1.14\lib\canonical.h(96,60): warning C4311: 'type cast': pointer truncation from 'char (*)[8]' to 'long'
d:\Git\gettext-msvc-2019\libiconv-1.14\lib\canonical.h(97,60): warning C4311: 'type cast': pointer truncation from 'char (*)[12]' to 'long'
d:\Git\gettext-msvc-2019\libiconv-1.14\lib\canonical.h(98,60): warning C4311: 'type cast': pointer truncation from 'char (*)[16]' to 'long'
d:\Git\gettext-msvc-2019\libiconv-1.14\lib\canonical.h(99,60): warning C4311: 'type cast': pointer truncation from 'char (*)[3]' to 'long'
d:\Git\gettext-msvc-2019\libiconv-1.14\lib\canonical.h(100,60): warning C4311: 'type cast': pointer truncation from 'char (*)[7]' to 'long'
d:\Git\gettext-msvc-2019\libiconv-1.14\lib\canonical.h(101,60): warning C4311: 'type cast': pointer truncation from 'char (*)[5]' to 'long'
d:\Git\gettext-msvc-2019\libiconv-1.14\lib\canonical.h(102,60): warning C4311: 'type cast': pointer truncation from 'char (*)[6]' to 'long'
d:\Git\gettext-msvc-2019\libiconv-1.14\lib\canonical.h(103,60): warning C4311: 'type cast': pointer truncation from 'char (*)[16]' to 'long'
d:\Git\gettext-msvc-2019\libiconv-1.14\lib\canonical.h(104,60): warning C4311: 'type cast': pointer truncation from 'char (*)[16]' to 'long'
d:\Git\gettext-msvc-2019\libiconv-1.14\lib\canonical.h(105,60): warning C4311: 'type cast': pointer truncation from 'char (*)[16]' to 'long'
d:\Git\gettext-msvc-2019\libiconv-1.14\lib\canonical.h(106,60): warning C4311: 'type cast': pointer truncation from 'char (*)[11]' to 'long'
d:\Git\gettext-msvc-2019\libiconv-1.14\lib\canonical.h(107,60): warning C4311: 'type cast': pointer truncation from 'char (*)[7]' to 'long'
d:\Git\gettext-msvc-2019\libiconv-1.14\lib\canonical.h(108,59): warning C4311: 'type cast': pointer truncation from 'char (*)[6]' to 'long'
d:\Git\gettext-msvc-2019\libiconv-1.14\lib\canonical.h(109,60): warning C4311: 'type cast': pointer truncation from 'char (*)[6]' to 'long'
d:\Git\gettext-msvc-2019\libiconv-1.14\lib\canonical.h(110,60): warning C4311: 'type cast': pointer truncation from 'char (*)[12]' to 'long'
d:\Git\gettext-msvc-2019\libiconv-1.14\lib\canonical_dos.h(1,60): warning C4311: 'type cast': pointer truncation from 'char (*)[6]' to 'long'
d:\Git\gettext-msvc-2019\libiconv-1.14\lib\canonical_dos.h(2,60): warning C4311: 'type cast': pointer truncation from 'char (*)[6]' to 'long'
d:\Git\gettext-msvc-2019\libiconv-1.14\lib\canonical_dos.h(3,60): warning C4311: 'type cast': pointer truncation from 'char (*)[6]' to 'long'
d:\Git\gettext-msvc-2019\libiconv-1.14\lib\canonical_dos.h(4,60): warning C4311: 'type cast': pointer truncation from 'char (*)[6]' to 'long'
d:\Git\gettext-msvc-2019\libiconv-1.14\lib\canonical_dos.h(5,61): warning C4311: 'type cast': pointer truncation from 'char (*)[6]' to 'long'
d:\Git\gettext-msvc-2019\libiconv-1.14\lib\canonical_dos.h(6,61): warning C4311: 'type cast': pointer truncation from 'char (*)[6]' to 'long'
d:\Git\gettext-msvc-2019\libiconv-1.14\lib\canonical_dos.h(7,61): warning C4311: 'type cast': pointer truncation from 'char (*)[6]' to 'long'
d:\Git\gettext-msvc-2019\libiconv-1.14\lib\canonical_dos.h(8,61): warning C4311: 'type cast': pointer truncation from 'char (*)[6]' to 'long'
d:\Git\gettext-msvc-2019\libiconv-1.14\lib\canonical_dos.h(9,61): warning C4311: 'type cast': pointer truncation from 'char (*)[6]' to 'long'
d:\Git\gettext-msvc-2019\libiconv-1.14\lib\canonical_dos.h(10,61): warning C4311: 'type cast': pointer truncation from 'char (*)[6]' to 'long'
d:\Git\gettext-msvc-2019\libiconv-1.14\lib\canonical_dos.h(11,61): warning C4311: 'type cast': pointer truncation from 'char (*)[6]' to 'long'
d:\Git\gettext-msvc-2019\libiconv-1.14\lib\canonical_dos.h(12,61): warning C4311: 'type cast': pointer truncation from 'char (*)[6]' to 'long'
d:\Git\gettext-msvc-2019\libiconv-1.14\lib\canonical_dos.h(13,61): warning C4311: 'type cast': pointer truncation from 'char (*)[6]' to 'long'
d:\Git\gettext-msvc-2019\libiconv-1.14\lib\canonical_dos.h(14,61): warning C4311: 'type cast': pointer truncation from 'char (*)[6]' to 'long'
d:\Git\gettext-msvc-2019\libiconv-1.14\lib\canonical_dos.h(15,61): warning C4311: 'type cast': pointer truncation from 'char (*)[7]' to 'long'
d:\Git\gettext-msvc-2019\libiconv-1.14\lib\canonical_local.h(1,60): warning C4311: 'type cast': pointer truncation from 'char (*)[5]' to 'long'
d:\Git\gettext-msvc-2019\libiconv-1.14\lib\canonical_local.h(2,60): warning C4311: 'type cast': pointer truncation from 'char (*)[8]' to 'long'
d:\Git\gettext-msvc-2019\libiconv-1.14\lib\iconv.c(539,35): warning C4244: 'function': conversion from '__int64' to 'unsigned int', possible loss of data
  relocatable.c
  localcharset.c
  libiconv.vcxproj -> D:\Git\gettext-msvc-2019\Release-x64\libiconv.lib
